# JRE version: OpenJDK Runtime Environment GraalVM CE 22.3.0 (17.0.5+8) (build 17.0.5+8-jvmci-22.3-b08)
# Java VM: OpenJDK 64-Bit Server VM GraalVM CE 22.3.0 (17.0.5+8-jvmci-22.3-b08, mixed mode, sharing, tiered, jvmci, jvmci compiler, compressed oops, compressed class ptrs, parallel gc, linux-amd64)
GC Precious Log:
 CPUs: 8 total, 1 available
 Memory: 3215M
 Large Page Support: Disabled
 NUMA Support: Disabled
 Compressed Oops: Enabled (32-bit)
 Alignments: Space 512K, Generation 512K, Heap 2M
 Heap Min Capacity: 100M
 Heap Initial Capacity: 100M
 Heap Max Capacity: 512M
 Pre-touch: Disabled
 Parallel Workers: 1
Heap:
 PSYoungGen      total 76288K, used 60416K [0x00000000f5580000, 0x00000000fb900000, 0x0000000100000000)
  eden space 60416K, 100% used [0x00000000f5580000,0x00000000f9080000,0x00000000f9080000)
  from space 15872K, 0% used [0x00000000fa380000,0x00000000fa380000,0x00000000fb300000)
  to   space 19456K, 0% used [0x00000000f9080000,0x00000000f9080000,0x00000000fa380000)
 ParOldGen       total 349696K, used 349695K [0x00000000e0000000, 0x00000000f5580000, 0x00000000f5580000)
  object space 349696K, 99% used [0x00000000e0000000,0x00000000f557ffe0,0x00000000f5580000)
 Metaspace       used 57408K, committed 58304K, reserved 1105920K
  class space    used 5358K, committed 5760K, reserved 1048576K
GC Heap History (20 events):
Event: 450.268 GC heap before
{Heap before GC invocations=899 (full 786):
 PSYoungGen      total 76288K, used 60415K [0x00000000f5580000, 0x00000000fb900000, 0x0000000100000000)
  eden space 60416K, 99% used [0x00000000f5580000,0x00000000f907fff8,0x00000000f9080000)
  from space 15872K, 0% used [0x00000000fa380000,0x00000000fa380000,0x00000000fb300000)
  to   space 19456K, 0% used [0x00000000f9080000,0x00000000f9080000,0x00000000fa380000)
 ParOldGen       total 349696K, used 349694K [0x00000000e0000000, 0x00000000f5580000, 0x00000000f5580000)
  object space 349696K, 99% used [0x00000000e0000000,0x00000000f557fbf8,0x00000000f5580000)
 Metaspace       used 57408K, committed 58304K, reserved 1105920K
  class space    used 5358K, committed 5760K, reserved 1048576K
}
Event: 450.774 GC heap after
{Heap after GC invocations=899 (full 786):
 PSYoungGen      total 79872K, used 60415K [0x00000000f5580000, 0x00000000fb900000, 0x0000000100000000)
  eden space 60416K, 99% used [0x00000000f5580000,0x00000000f907ffd8,0x00000000f9080000)
  from space 19456K, 0% used [0x00000000f9080000,0x00000000f9080000,0x00000000fa380000)
  to   space 15872K, 0% used [0x00000000fa380000,0x00000000fa380000,0x00000000fb300000)
 ParOldGen       total 349696K, used 349694K [0x00000000e0000000, 0x00000000f5580000, 0x00000000f5580000)
  object space 349696K, 99% used [0x00000000e0000000,0x00000000f557fbf8,0x00000000f5580000)
 Metaspace       used 57408K, committed 58304K, reserved 1105920K
  class space    used 5358K, committed 5760K, reserved 1048576K
}
Event: 450.774 GC heap before
{Heap before GC invocations=900 (full 787):
 PSYoungGen      total 79872K, used 60415K [0x00000000f5580000, 0x00000000fb900000, 0x0000000100000000)
  eden space 60416K, 99% used [0x00000000f5580000,0x00000000f907fff8,0x00000000f9080000)
  from space 19456K, 0% used [0x00000000f9080000,0x00000000f9080000,0x00000000fa380000)
  to   space 15872K, 0% used [0x00000000fa380000,0x00000000fa380000,0x00000000fb300000)
 ParOldGen       total 349696K, used 349694K [0x00000000e0000000, 0x00000000f5580000, 0x00000000f5580000)
  object space 349696K, 99% used [0x00000000e0000000,0x00000000f557fbf8,0x00000000f5580000)
 Metaspace       used 57408K, committed 58304K, reserved 1105920K
  class space    used 5358K, committed 5760K, reserved 1048576K
}
Event: 451.303 GC heap after
{Heap after GC invocations=900 (full 787):
 PSYoungGen      total 76288K, used 60415K [0x00000000f5580000, 0x00000000fb900000, 0x0000000100000000)
  eden space 60416K, 99% used [0x00000000f5580000,0x00000000f907ffd8,0x00000000f9080000)
  from space 15872K, 0% used [0x00000000fa380000,0x00000000fa380000,0x00000000fb300000)
  to   space 19456K, 0% used [0x00000000f9080000,0x00000000f9080000,0x00000000fa380000)
 ParOldGen       total 349696K, used 349694K [0x00000000e0000000, 0x00000000f5580000, 0x00000000f5580000)
  object space 349696K, 99% used [0x00000000e0000000,0x00000000f557fbf8,0x00000000f5580000)
 Metaspace       used 57408K, committed 58304K, reserved 1105920K
  class space    used 5358K, committed 5760K, reserved 1048576K
}
Event: 451.303 GC heap before
{Heap before GC invocations=901 (full 788):
 PSYoungGen      total 76288K, used 60415K [0x00000000f5580000, 0x00000000fb900000, 0x0000000100000000)
  eden space 60416K, 99% used [0x00000000f5580000,0x00000000f907fff8,0x00000000f9080000)
  from space 15872K, 0% used [0x00000000fa380000,0x00000000fa380000,0x00000000fb300000)
  to   space 19456K, 0% used [0x00000000f9080000,0x00000000f9080000,0x00000000fa380000)
 ParOldGen       total 349696K, used 349694K [0x00000000e0000000, 0x00000000f5580000, 0x00000000f5580000)
  object space 349696K, 99% used [0x00000000e0000000,0x00000000f557fbf8,0x00000000f5580000)
 Metaspace       used 57408K, committed 58304K, reserved 1105920K
  class space    used 5358K, committed 5760K, reserved 1048576K
}
Event: 451.777 GC heap after
{Heap after GC invocations=901 (full 788):
 PSYoungGen      total 79872K, used 60415K [0x00000000f5580000, 0x00000000fb900000, 0x0000000100000000)
  eden space 60416K, 99% used [0x00000000f5580000,0x00000000f907ffd8,0x00000000f9080000)
  from space 19456K, 0% used [0x00000000f9080000,0x00000000f9080000,0x00000000fa380000)
  to   space 15872K, 0% used [0x00000000fa380000,0x00000000fa380000,0x00000000fb300000)
 ParOldGen       total 349696K, used 349694K [0x00000000e0000000, 0x00000000f5580000, 0x00000000f5580000)
  object space 349696K, 99% used [0x00000000e0000000,0x00000000f557fbf8,0x00000000f5580000)
 Metaspace       used 57408K, committed 58304K, reserved 1105920K
  class space    used 5358K, committed 5760K, reserved 1048576K
}
Event: 451.777 GC heap before
{Heap before GC invocations=902 (full 789):
 PSYoungGen      total 79872K, used 60416K [0x00000000f5580000, 0x00000000fb900000, 0x0000000100000000)
  eden space 60416K, 100% used [0x00000000f5580000,0x00000000f9080000,0x00000000f9080000)
  from space 19456K, 0% used [0x00000000f9080000,0x00000000f9080000,0x00000000fa380000)
  to   space 15872K, 0% used [0x00000000fa380000,0x00000000fa380000,0x00000000fb300000)
 ParOldGen       total 349696K, used 349694K [0x00000000e0000000, 0x00000000f5580000, 0x00000000f5580000)
  object space 349696K, 99% used [0x00000000e0000000,0x00000000f557fbf8,0x00000000f5580000)
 Metaspace       used 57408K, committed 58304K, reserved 1105920K
  class space    used 5358K, committed 5760K, reserved 1048576K
}
Event: 452.216 GC heap after
{Heap after GC invocations=902 (full 789):
 PSYoungGen      total 76288K, used 60415K [0x00000000f5580000, 0x00000000fb900000, 0x0000000100000000)
  eden space 60416K, 99% used [0x00000000f5580000,0x00000000f907fff0,0x00000000f9080000)
  from space 15872K, 0% used [0x00000000fa380000,0x00000000fa380000,0x00000000fb300000)
  to   space 19456K, 0% used [0x00000000f9080000,0x00000000f9080000,0x00000000fa380000)
 ParOldGen       total 349696K, used 349694K [0x00000000e0000000, 0x00000000f5580000, 0x00000000f5580000)
  object space 349696K, 99% used [0x00000000e0000000,0x00000000f557fbf8,0x00000000f5580000)
 Metaspace       used 57408K, committed 58304K, reserved 1105920K
  class space    used 5358K, committed 5760K, reserved 1048576K
}
Event: 452.216 GC heap before
{Heap before GC invocations=903 (full 790):
 PSYoungGen      total 76288K, used 60416K [0x00000000f5580000, 0x00000000fb900000, 0x0000000100000000)
  eden space 60416K, 100% used [0x00000000f5580000,0x00000000f9080000,0x00000000f9080000)
  from space 15872K, 0% used [0x00000000fa380000,0x00000000fa380000,0x00000000fb300000)
  to   space 19456K, 0% used [0x00000000f9080000,0x00000000f9080000,0x00000000fa380000)
 ParOldGen       total 349696K, used 349694K [0x00000000e0000000, 0x00000000f5580000, 0x00000000f5580000)
  object space 349696K, 99% used [0x00000000e0000000,0x00000000f557fbf8,0x00000000f5580000)
 Metaspace       used 57408K, committed 58304K, reserved 1105920K
  class space    used 5358K, committed 5760K, reserved 1048576K
}
Event: 452.688 GC heap after
{Heap after GC invocations=903 (full 790):
 PSYoungGen      total 79872K, used 60415K [0x00000000f5580000, 0x00000000fb900000, 0x0000000100000000)
  eden space 60416K, 99% used [0x00000000f5580000,0x00000000f907fff0,0x00000000f9080000)
  from space 19456K, 0% used [0x00000000f9080000,0x00000000f9080000,0x00000000fa380000)
  to   space 15872K, 0% used [0x00000000fa380000,0x00000000fa380000,0x00000000fb300000)
 ParOldGen       total 349696K, used 349694K [0x00000000e0000000, 0x00000000f5580000, 0x00000000f5580000)
  object space 349696K, 99% used [0x00000000e0000000,0x00000000f557fbf8,0x00000000f5580000)
 Metaspace       used 57408K, committed 58304K, reserved 1105920K
  class space    used 5358K, committed 5760K, reserved 1048576K
}
Event: 452.689 GC heap before
{Heap before GC invocations=904 (full 791):
 PSYoungGen      total 79872K, used 60416K [0x00000000f5580000, 0x00000000fb900000, 0x0000000100000000)
  eden space 60416K, 100% used [0x00000000f5580000,0x00000000f9080000,0x00000000f9080000)
  from space 19456K, 0% used [0x00000000f9080000,0x00000000f9080000,0x00000000fa380000)
  to   space 15872K, 0% used [0x00000000fa380000,0x00000000fa380000,0x00000000fb300000)
 ParOldGen       total 349696K, used 349694K [0x00000000e0000000, 0x00000000f5580000, 0x00000000f5580000)
  object space 349696K, 99% used [0x00000000e0000000,0x00000000f557fbf8,0x00000000f5580000)
 Metaspace       used 57408K, committed 58304K, reserved 1105920K
  class space    used 5358K, committed 5760K, reserved 1048576K
}
Event: 453.135 GC heap after
{Heap after GC invocations=904 (full 791):
 PSYoungGen      total 76288K, used 60415K [0x00000000f5580000, 0x00000000fb900000, 0x0000000100000000)
  eden space 60416K, 99% used [0x00000000f5580000,0x00000000f907fff0,0x00000000f9080000)
  from space 15872K, 0% used [0x00000000fa380000,0x00000000fa380000,0x00000000fb300000)
  to   space 19456K, 0% used [0x00000000f9080000,0x00000000f9080000,0x00000000fa380000)
 ParOldGen       total 349696K, used 349694K [0x00000000e0000000, 0x00000000f5580000, 0x00000000f5580000)
  object space 349696K, 99% used [0x00000000e0000000,0x00000000f557fbf8,0x00000000f5580000)
 Metaspace       used 57408K, committed 58304K, reserved 1105920K
  class space    used 5358K, committed 5760K, reserved 1048576K
}
Event: 453.135 GC heap before
{Heap before GC invocations=905 (full 792):
 PSYoungGen      total 76288K, used 60416K [0x00000000f5580000, 0x00000000fb900000, 0x0000000100000000)
  eden space 60416K, 100% used [0x00000000f5580000,0x00000000f9080000,0x00000000f9080000)
  from space 15872K, 0% used [0x00000000fa380000,0x00000000fa380000,0x00000000fb300000)
  to   space 19456K, 0% used [0x00000000f9080000,0x00000000f9080000,0x00000000fa380000)
 ParOldGen       total 349696K, used 349695K [0x00000000e0000000, 0x00000000f5580000, 0x00000000f5580000)
  object space 349696K, 99% used [0x00000000e0000000,0x00000000f557ffa8,0x00000000f5580000)
 Metaspace       used 57408K, committed 58304K, reserved 1105920K
  class space    used 5358K, committed 5760K, reserved 1048576K
}
Event: 453.639 GC heap after
{Heap after GC invocations=905 (full 792):
 PSYoungGen      total 79872K, used 60415K [0x00000000f5580000, 0x00000000fb900000, 0x0000000100000000)
  eden space 60416K, 99% used [0x00000000f5580000,0x00000000f907ff30,0x00000000f9080000)
  from space 19456K, 0% used [0x00000000f9080000,0x00000000f9080000,0x00000000fa380000)
  to   space 15872K, 0% used [0x00000000fa380000,0x00000000fa380000,0x00000000fb300000)
 ParOldGen       total 349696K, used 349695K [0x00000000e0000000, 0x00000000f5580000, 0x00000000f5580000)
  object space 349696K, 99% used [0x00000000e0000000,0x00000000f557fdd0,0x00000000f5580000)
 Metaspace       used 57408K, committed 58304K, reserved 1105920K
  class space    used 5358K, committed 5760K, reserved 1048576K
}
Event: 453.642 GC heap before
{Heap before GC invocations=906 (full 793):
 PSYoungGen      total 79872K, used 60415K [0x00000000f5580000, 0x00000000fb900000, 0x0000000100000000)
  eden space 60416K, 99% used [0x00000000f5580000,0x00000000f907ffd8,0x00000000f9080000)
  from space 19456K, 0% used [0x00000000f9080000,0x00000000f9080000,0x00000000fa380000)
  to   space 15872K, 0% used [0x00000000fa380000,0x00000000fa380000,0x00000000fb300000)
 ParOldGen       total 349696K, used 349695K [0x00000000e0000000, 0x00000000f5580000, 0x00000000f5580000)
  object space 349696K, 99% used [0x00000000e0000000,0x00000000f557fdd0,0x00000000f5580000)
 Metaspace       used 57408K, committed 58304K, reserved 1105920K
  class space    used 5358K, committed 5760K, reserved 1048576K
}
Event: 454.102 GC heap after
{Heap after GC invocations=906 (full 793):
 PSYoungGen      total 76288K, used 60415K [0x00000000f5580000, 0x00000000fb900000, 0x0000000100000000)
  eden space 60416K, 99% used [0x00000000f5580000,0x00000000f907ffa0,0x00000000f9080000)
  from space 15872K, 0% used [0x00000000fa380000,0x00000000fa380000,0x00000000fb300000)
  to   space 19456K, 0% used [0x00000000f9080000,0x00000000f9080000,0x00000000fa380000)
 ParOldGen       total 349696K, used 349695K [0x00000000e0000000, 0x00000000f5580000, 0x00000000f5580000)
  object space 349696K, 99% used [0x00000000e0000000,0x00000000f557fd20,0x00000000f5580000)
 Metaspace       used 57408K, committed 58304K, reserved 1105920K
  class space    used 5358K, committed 5760K, reserved 1048576K
}
Event: 454.102 GC heap before
{Heap before GC invocations=907 (full 794):
 PSYoungGen      total 76288K, used 60415K [0x00000000f5580000, 0x00000000fb900000, 0x0000000100000000)
  eden space 60416K, 99% used [0x00000000f5580000,0x00000000f907fff8,0x00000000f9080000)
  from space 15872K, 0% used [0x00000000fa380000,0x00000000fa380000,0x00000000fb300000)
  to   space 19456K, 0% used [0x00000000f9080000,0x00000000f9080000,0x00000000fa380000)
 ParOldGen       total 349696K, used 349695K [0x00000000e0000000, 0x00000000f5580000, 0x00000000f5580000)
  object space 349696K, 99% used [0x00000000e0000000,0x00000000f557fea0,0x00000000f5580000)
 Metaspace       used 57408K, committed 58304K, reserved 1105920K
  class space    used 5358K, committed 5760K, reserved 1048576K
}
Event: 454.577 GC heap after
{Heap after GC invocations=907 (full 794):
 PSYoungGen      total 79872K, used 60415K [0x00000000f5580000, 0x00000000fb900000, 0x0000000100000000)
  eden space 60416K, 99% used [0x00000000f5580000,0x00000000f907ff18,0x00000000f9080000)
  from space 19456K, 0% used [0x00000000f9080000,0x00000000f9080000,0x00000000fa380000)
  to   space 15872K, 0% used [0x00000000fa380000,0x00000000fa380000,0x00000000fb300000)
 ParOldGen       total 349696K, used 349695K [0x00000000e0000000, 0x00000000f5580000, 0x00000000f5580000)
  object space 349696K, 99% used [0x00000000e0000000,0x00000000f557fda8,0x00000000f5580000)
 Metaspace       used 57408K, committed 58304K, reserved 1105920K
  class space    used 5358K, committed 5760K, reserved 1048576K
}
Event: 454.578 GC heap before
{Heap before GC invocations=908 (full 795):
 PSYoungGen      total 79872K, used 60415K [0x00000000f5580000, 0x00000000fb900000, 0x0000000100000000)
  eden space 60416K, 99% used [0x00000000f5580000,0x00000000f907ff18,0x00000000f9080000)
  from space 19456K, 0% used [0x00000000f9080000,0x00000000f9080000,0x00000000fa380000)
  to   space 15872K, 0% used [0x00000000fa380000,0x00000000fa380000,0x00000000fb300000)
 ParOldGen       total 349696K, used 349695K [0x00000000e0000000, 0x00000000f5580000, 0x00000000f5580000)
  object space 349696K, 99% used [0x00000000e0000000,0x00000000f557fda8,0x00000000f5580000)
 Metaspace       used 57408K, committed 58304K, reserved 1105920K
  class space    used 5358K, committed 5760K, reserved 1048576K
}
Event: 455.044 GC heap after
{Heap after GC invocations=908 (full 795):
 PSYoungGen      total 76288K, used 60415K [0x00000000f5580000, 0x00000000fb900000, 0x0000000100000000)
  eden space 60416K, 99% used [0x00000000f5580000,0x00000000f907ff18,0x00000000f9080000)
  from space 15872K, 0% used [0x00000000fa380000,0x00000000fa380000,0x00000000fb300000)
  to   space 19456K, 0% used [0x00000000f9080000,0x00000000f9080000,0x00000000fa380000)
 ParOldGen       total 349696K, used 349695K [0x00000000e0000000, 0x00000000f5580000, 0x00000000f5580000)
  object space 349696K, 99% used [0x00000000e0000000,0x00000000f557fda8,0x00000000f5580000)
 Metaspace       used 57408K, committed 58304K, reserved 1105920K
  class space    used 5358K, committed 5760K, reserved 1048576K
}

